#
# There is insufficient memory for the Java Runtime Environment to continue.
# Native memory allocation (malloc) failed to allocate 1048576 bytes for E in C:\jdk7u2_64p\jdk7u13\hotspot\src\share\vm\utilities/taskqueue.hpp
# Possible reasons:
#   The system is out of physical RAM or swap space
#   In 32 bit mode, the process size limit was hit
# Possible solutions:
#   Reduce memory load on the system
#   Increase physical memory or swap space
#   Check if swap backing store is full
#   Use 64 bit Java on a 64 bit OS
#   Decrease Java heap size (-Xmx/-Xms)
#   Decrease number of Java threads
#   Decrease Java thread stack sizes (-Xss)
#   Set larger code cache with -XX:ReservedCodeCacheSize=
# This output file may be truncated or incomplete.
#
#  Out of Memory Error (memory/allocation.inline.hpp:58), pid=10836, tid=8604
#
# JRE version: 7.0_13-b20
# Java VM: Java HotSpot(TM) 64-Bit Server VM (23.7-b01 mixed mode windows-amd64 compressed oops)
# Failed to write core dump. Minidumps are not enabled by default on client versions of Windows
#

---------------  T H R E A D  ---------------

Current thread (0x0000000002d7e800):  JavaThread "Unknown thread" [_thread_in_vm, id=8604, stack(0x0000000002770000,0x0000000002870000)]

Stack: [0x0000000002770000,0x0000000002870000]

---------------  P R O C E S S  ---------------

Java Threads: ( => current thread )

Other Threads:

=>0x0000000002d7e800 (exited) JavaThread "Unknown thread" [_thread_in_vm, id=8604, stack(0x0000000002770000,0x0000000002870000)]

VM state:not at safepoint (normal execution)

VM Mutex/Monitor currently owned by a thread: None

Heap
 PSYoungGen      total 27904K, used 478K [0x00000000eaab0000, 0x00000000ec9d0000, 0x0000000100000000)
  eden space 23936K, 2% used [0x00000000eaab0000,0x00000000eab27b50,0x00000000ec210000)
  from space 3968K, 0% used [0x00000000ec5f0000,0x00000000ec5f0000,0x00000000ec9d0000)
  to   space 3968K, 0% used [0x00000000ec210000,0x00000000ec210000,0x00000000ec5f0000)
 ParOldGen       total 63872K, used 0K [0x00000000c0000000, 0x00000000c3e60000, 0x00000000eaab0000)
  object space 63872K, 0% used [0x00000000c0000000,0x00000000c0000000,0x00000000c3e60000)
 PSPermGen       total 21248K, used 701K [0x00000000bae00000, 0x00000000bc2c0000, 0x00000000c0000000)
  object space 21248K, 3% used [0x00000000bae00000,0x00000000baeaf6a8,0x00000000bc2c0000)

Card table byte_map: [0x0000000005e40000,0x0000000006070000] byte_map_base: 0x0000000005869000

Polling page: 0x0000000002870000

Code Cache  [0x0000000002d80000, 0x0000000002ff0000, 0x0000000005d80000)
 total_blobs=39 nmethods=0 adapters=20 free_code_cache=48889Kb largest_free_block=50062912

Compilation events (0 events):
No events

GC Heap History (0 events):
No events

Deoptimization events (0 events):
No events

Internal exceptions (0 events):
No events

Events (10 events):
Event: 0.044 loading class 0x0000000002c09bb0
Event: 0.044 loading class 0x0000000002c09bb0 done
Event: 0.044 loading class 0x0000000002c09ee0
Event: 0.044 loading class 0x0000000002c09ee0 done
Event: 0.044 loading class 0x0000000002c0a180
Event: 0.045 loading class 0x0000000002c0a180 done
Event: 0.045 loading class 0x0000000002bd46f0
Event: 0.045 loading class 0x0000000002bd46f0 done
Event: 0.045 loading class 0x0000000002bd4eb0
Event: 0.045 loading class 0x0000000002bd4eb0 done


Dynamic libraries:
0x00007ff605620000 - 0x00007ff605653000 	E:\Program Files\Java\jdk1.7.0_13\bin\java.exe
0x00007ff888f30000 - 0x00007ff8890d9000 	C:\Windows\SYSTEM32\ntdll.dll
0x00007ff888880000 - 0x00007ff8889b9000 	C:\Windows\system32\KERNEL32.DLL
0x00007ff886380000 - 0x00007ff88648e000 	C:\Windows\system32\KERNELBASE.dll
0x00007ff884e50000 - 0x00007ff884edb000 	C:\Windows\system32\apphelp.dll
0x00007ff87f120000 - 0x00007ff87f16c000 	C:\Windows\AppPatch\AppPatch64\AcGenral.DLL
0x00007ff886cd0000 - 0x00007ff886d77000 	C:\Windows\system32\msvcrt.dll
0x00007ff886050000 - 0x00007ff88607b000 	C:\Windows\SYSTEM32\SspiCli.dll
0x00007ff888cb0000 - 0x00007ff888d01000 	C:\Windows\system32\SHLWAPI.dll
0x00007ff886de0000 - 0x00007ff886f51000 	C:\Windows\system32\USER32.dll
0x00007ff8872b0000 - 0x00007ff887425000 	C:\Windows\system32\ole32.dll
0x00007ff887470000 - 0x00007ff88887d000 	C:\Windows\system32\SHELL32.dll
0x00007ff885880000 - 0x00007ff88589f000 	C:\Windows\SYSTEM32\USERENV.dll
0x00007ff888dd0000 - 0x00007ff888e75000 	C:\Windows\system32\ADVAPI32.dll
0x00007ff879f90000 - 0x00007ff879fab000 	C:\Windows\SYSTEM32\MPR.dll
0x00007ff887170000 - 0x00007ff8872a6000 	C:\Windows\system32\RPCRT4.dll
0x00007ff886d80000 - 0x00007ff886dd7000 	C:\Windows\SYSTEM32\sechost.dll
0x00007ff886af0000 - 0x00007ff886cc7000 	C:\Windows\SYSTEM32\combase.dll
0x00007ff8867d0000 - 0x00007ff886915000 	C:\Windows\system32\GDI32.dll
0x00007ff8862b0000 - 0x00007ff8862c4000 	C:\Windows\SYSTEM32\profapi.dll
0x00007ff884ae0000 - 0x00007ff884b81000 	C:\Windows\SYSTEM32\SHCORE.dll
0x00007ff887430000 - 0x00007ff887464000 	C:\Windows\system32\IMM32.DLL
0x00007ff888b60000 - 0x00007ff888c99000 	C:\Windows\system32\MSCTF.dll
0x00007ff886260000 - 0x00007ff886291000 	C:\Windows\system32\nvinitx.dll
0x000000000f000000 - 0x000000000f006000 	C:\Program Files\NVIDIA Corporation\CoProcManager\_etoured.dll
0x00007ff8843d0000 - 0x00007ff884402000 	C:\Program Files\NVIDIA Corporation\CoProcManager\nvd3d9wrapx.dll
0x00007ff886f80000 - 0x00007ff887156000 	C:\Windows\system32\SETUPAPI.dll
0x00007ff8866c0000 - 0x00007ff88670a000 	C:\Windows\system32\CFGMGR32.dll
0x00007ff8842f0000 - 0x00007ff884312000 	C:\Program Files\NVIDIA Corporation\CoProcManager\nvdxgiwrapx.dll
0x00007ff884410000 - 0x00007ff88466a000 	C:\Windows\WinSxS\amd64_microsoft.windows.common-controls_6595b64144ccf1df_6.0.9600.16384_none_62475f7becb72503\COMCTL32.dll
0x0000000050050000 - 0x0000000050121000 	E:\Program Files\Java\jdk1.7.0_13\jre\bin\msvcr100.dll
0x00000000504d0000 - 0x0000000050bef000 	E:\Program Files\Java\jdk1.7.0_13\jre\bin\server\jvm.dll
0x00007ff87db10000 - 0x00007ff87db19000 	C:\Windows\SYSTEM32\WSOCK32.dll
0x00007ff883c80000 - 0x00007ff883c9f000 	C:\Windows\SYSTEM32\WINMM.dll
0x00007ff888ca0000 - 0x00007ff888ca7000 	C:\Windows\system32\PSAPI.DLL
0x00007ff886920000 - 0x00007ff886978000 	C:\Windows\system32\WS2_32.dll
0x00007ff8839b0000 - 0x00007ff8839da000 	C:\Windows\SYSTEM32\WINMMBASE.dll
0x00007ff8867c0000 - 0x00007ff8867c9000 	C:\Windows\system32\NSI.dll
0x00007ff8850d0000 - 0x00007ff8850f6000 	C:\Windows\SYSTEM32\DEVOBJ.dll
0x00000000504c0000 - 0x00000000504cf000 	E:\Program Files\Java\jdk1.7.0_13\jre\bin\verify.dll
0x0000000050490000 - 0x00000000504b8000 	E:\Program Files\Java\jdk1.7.0_13\jre\bin\java.dll
0x0000000050470000 - 0x0000000050485000 	E:\Program Files\Java\jdk1.7.0_13\jre\bin\zip.dll

VM Arguments:
jvm_args: -Xmx1024M -Dfile.encoding=GBK -Duser.country=CN -Duser.language=zh -Duser.variant 
java_command: com.android.dx.command.Main --dex --num-threads=4 --output C:\Users\Administrator\Car_DV.android_mv031\app\build\intermediates\pre-dexed\debug\classes-61d6dc01eb3397adab8316ee2fce27a460d70ced.jar C:\Users\Administrator\Car_DV.android_mv031\app\build\intermediates\exploded-aar\com.android.support\support-v4\20.0.0\jars\classes.jar
Launcher Type: SUN_STANDARD

Environment Variables:
JAVA_HOME=E:\Program Files\Java\jdk1.7.0_13
CLASSPATH=.;E:\Program Files\Java\jdk1.7.0_13\lib\dt.jar;E:\Program Files\Java\jdk1.7.0_13\lib\tools.jar;
PATH=C:\ProgramData\Oracle\Java\javapath;C:\Windows\system32;C:\Windows;C:\Windows\System32\Wbem;C:\Windows\System32\WindowsPowerShell\v1.0\;E:\Program Files\Java\jdk1.7.0_13\bin;E:\Program Files\Java\jdk1.7.0_13\jre\bin
USERNAME=Administrator
OS=Windows_NT
PROCESSOR_IDENTIFIER=Intel64 Family 6 Model 58 Stepping 9, GenuineIntel



---------------  S Y S T E M  ---------------

OS: Windows 8 , 64 bit Build 9200 

CPU:total 4 (2 cores per cpu, 2 threads per core) family 6 model 58 stepping 9, cmov, cx8, fxsr, mmx, sse, sse2, sse3, ssse3, sse4.1, sse4.2, popcnt, avx, ht, tsc, tscinvbit, tscinv

Memory: 4k page, physical 6125928k(723588k free), swap 10278248k(5140k free)

vm_info: Java HotSpot(TM) 64-Bit Server VM (23.7-b01) for windows-amd64 JRE (1.7.0_13-b20), built on Jan 30 2013 10:10:00 by "java_re" with unknown MS VC++:1600

time: Wed Oct 21 14:08:30 2015
elapsed time: 0 seconds

